Build started 3/22/2016 1:59:53 PM.
     1>Project "C:\Users\Matt\OneDrive\Documents\College\2015-2016\CSE 335\LectureExample11\LectureExample11\LectureExample11.vcxproj" on node 2 (Build target(s)).
     1>ClCompile:
         C:\Program Files (x86)\Microsoft Visual Studio 14.0\VC\bin\CL.exe /c /ZI /nologo /W3 /WX- /sdl /Od /Oy- /D _MBCS /Gm /EHsc /RTC1 /MDd /GS /fp:precise /Zc:wchar_t /Zc:forScope /Zc:inline /Fo"Debug\\" /Fd"Debug\vc140.pdb" /Gd /TP /analyze- /errorReport:prompt main.cpp
         main.cpp
     1>c:\users\matt\onedrive\documents\college\2015-2016\cse 335\lectureexample11\lectureexample11\calculatelongestsubstring.h(18): error C2540: non-constant expression as array bound
     1>c:\users\matt\onedrive\documents\college\2015-2016\cse 335\lectureexample11\lectureexample11\calculatelongestsubstring.h(18): error C2440: 'initializing': cannot convert from 'int (*)[1]' to 'int *'
         c:\users\matt\onedrive\documents\college\2015-2016\cse 335\lectureexample11\lectureexample11\calculatelongestsubstring.h(18): note: Types pointed to are unrelated; conversion requires reinterpret_cast, C-style cast or function-style cast
     1>c:\users\matt\onedrive\documents\college\2015-2016\cse 335\lectureexample11\lectureexample11\calculatelongestsubstring.h(22): warning C4018: '<': signed/unsigned mismatch
     1>c:\users\matt\onedrive\documents\college\2015-2016\cse 335\lectureexample11\lectureexample11\calculatelongestsubstring.h(24): warning C4018: '<': signed/unsigned mismatch
     1>c:\users\matt\onedrive\documents\college\2015-2016\cse 335\lectureexample11\lectureexample11\calculatelongestsubstring.h(28): error C2109: subscript requires array or pointer type
     1>c:\users\matt\onedrive\documents\college\2015-2016\cse 335\lectureexample11\lectureexample11\calculatelongestsubstring.h(31): error C2109: subscript requires array or pointer type
     1>c:\users\matt\onedrive\documents\college\2015-2016\cse 335\lectureexample11\lectureexample11\calculatelongestsubstring.h(32): error C2109: subscript requires array or pointer type
     1>c:\users\matt\onedrive\documents\college\2015-2016\cse 335\lectureexample11\lectureexample11\calculatelongestsubstring.h(32): error C2660: 'CalculateLongestSubString::max': function does not take 1 arguments
     1>c:\users\matt\onedrive\documents\college\2015-2016\cse 335\lectureexample11\lectureexample11\calculatelongestsubstring.h(35): error C2109: subscript requires array or pointer type
     1>Done Building Project "C:\Users\Matt\OneDrive\Documents\College\2015-2016\CSE 335\LectureExample11\LectureExample11\LectureExample11.vcxproj" (Build target(s)) -- FAILED.

Build FAILED.

Time Elapsed 00:00:00.40
